[0302/155329.567:WARNING:dns_config_service_win.cc(700)] Failed to read DnsConfig.
[0302/155329.609:WARNING:dns_config_service_win.cc(700)] Failed to read DnsConfig.
[0302/155329.616:WARNING:dns_config_service_win.cc(700)] Failed to read DnsConfig.
[0302/155329.637:WARNING:dns_config_service_win.cc(700)] Failed to read DnsConfig.
[0302/155329.641:WARNING:dns_config_service_win.cc(700)] Failed to read DnsConfig.
[0302/155329.796:WARNING:dns_config_service_win.cc(700)] Failed to read DnsConfig.
[0302/155329.801:WARNING:dns_config_service_win.cc(700)] Failed to read DnsConfig.
[0302/160500.633:WARNING:dns_config_service_win.cc(700)] Failed to read DnsConfig.
[0302/160500.670:WARNING:dns_config_service_win.cc(700)] Failed to read DnsConfig.
[0302/163400.594:WARNING:dns_config_service_win.cc(700)] Failed to read DnsConfig.
[0302/163400.642:WARNING:dns_config_service_win.cc(700)] Failed to read DnsConfig.
[0302/163400.642:WARNING:dns_config_service_win.cc(700)] Failed to read DnsConfig.
[0302/163400.736:WARNING:dns_config_service_win.cc(700)] Failed to read DnsConfig.
[0302/163400.748:WARNING:dns_config_service_win.cc(700)] Failed to read DnsConfig.
[0323/142809.442:WARNING:dns_config_service_win.cc(700)] Failed to read DnsConfig.
[0323/142809.455:WARNING:dns_config_service_win.cc(700)] Failed to read DnsConfig.
[0323/145503.706:WARNING:spdy_session.cc(3365)] Received HEADERS for invalid stream 167
[0323/145503.833:WARNING:spdy_session.cc(3365)] Received HEADERS for invalid stream 169
[0323/145503.900:WARNING:spdy_session.cc(3365)] Received HEADERS for invalid stream 171
[0323/145504.181:WARNING:spdy_session.cc(3365)] Received HEADERS for invalid stream 173
[0323/145504.200:WARNING:spdy_session.cc(3365)] Received HEADERS for invalid stream 175
[0323/145504.260:WARNING:spdy_session.cc(3365)] Received HEADERS for invalid stream 177
[0323/145620.079:ERROR:audio_rtp_receiver.cc(89)] AudioRtpReceiver::OnSetVolume: No audio channel exists.
[0323/145620.081:WARNING:used_ids.h(55)] Duplicate id found. Reassigning from 104 to 127
[0323/145620.081:WARNING:used_ids.h(55)] Duplicate id found. Reassigning from 102 to 125
[0323/145620.081:WARNING:used_ids.h(55)] Duplicate id found. Reassigning from 104 to 124
[0323/145620.081:WARNING:used_ids.h(55)] Duplicate id found. Reassigning from 106 to 123
[0323/145620.081:WARNING:used_ids.h(55)] Duplicate id found. Reassigning from 103 to 122
[0323/145620.081:WARNING:used_ids.h(55)] Duplicate id found. Reassigning from 105 to 121
[0323/145620.081:WARNING:used_ids.h(55)] Duplicate id found. Reassigning from 109 to 120
[0323/145620.081:WARNING:used_ids.h(55)] Duplicate id found. Reassigning from 1 to 14
[0323/145620.081:WARNING:used_ids.h(55)] Duplicate id found. Reassigning from 3 to 13
[0323/145620.081:WARNING:used_ids.h(55)] Duplicate id found. Reassigning from 5 to 12
[0323/145620.081:WARNING:used_ids.h(55)] Duplicate id found. Reassigning from 6 to 11
[0323/145643.562:WARNING:used_ids.h(55)] Duplicate id found. Reassigning from 104 to 127
[0323/145643.562:WARNING:used_ids.h(55)] Duplicate id found. Reassigning from 102 to 125
[0323/145643.562:WARNING:used_ids.h(55)] Duplicate id found. Reassigning from 104 to 124
[0323/145643.562:WARNING:used_ids.h(55)] Duplicate id found. Reassigning from 106 to 123
[0323/145643.562:WARNING:used_ids.h(55)] Duplicate id found. Reassigning from 103 to 122
[0323/145643.562:WARNING:used_ids.h(55)] Duplicate id found. Reassigning from 105 to 121
[0323/145643.562:WARNING:used_ids.h(55)] Duplicate id found. Reassigning from 109 to 120
[0323/145643.563:WARNING:used_ids.h(55)] Duplicate id found. Reassigning from 1 to 14
[0323/145643.563:WARNING:used_ids.h(55)] Duplicate id found. Reassigning from 3 to 13
[0323/145643.563:WARNING:used_ids.h(55)] Duplicate id found. Reassigning from 5 to 12
[0323/145643.563:WARNING:used_ids.h(55)] Duplicate id found. Reassigning from 6 to 11
[0323/145643.563:ERROR:audio_rtp_receiver.cc(89)] AudioRtpReceiver::OnSetVolume: No audio channel exists.
[0323/145657.061:ERROR:audio_rtp_receiver.cc(89)] AudioRtpReceiver::OnSetVolume: No audio channel exists.
[0323/145657.062:WARNING:used_ids.h(55)] Duplicate id found. Reassigning from 104 to 127
[0323/145657.062:WARNING:used_ids.h(55)] Duplicate id found. Reassigning from 102 to 125
[0323/145657.062:WARNING:used_ids.h(55)] Duplicate id found. Reassigning from 104 to 124
[0323/145657.062:WARNING:used_ids.h(55)] Duplicate id found. Reassigning from 106 to 123
[0323/145657.062:WARNING:used_ids.h(55)] Duplicate id found. Reassigning from 103 to 122
[0323/145657.062:WARNING:used_ids.h(55)] Duplicate id found. Reassigning from 105 to 121
[0323/145657.062:WARNING:used_ids.h(55)] Duplicate id found. Reassigning from 109 to 120
[0323/145657.062:WARNING:used_ids.h(55)] Duplicate id found. Reassigning from 1 to 14
[0323/145657.062:WARNING:used_ids.h(55)] Duplicate id found. Reassigning from 3 to 13
[0323/145657.062:WARNING:used_ids.h(55)] Duplicate id found. Reassigning from 5 to 12
[0323/145657.062:WARNING:used_ids.h(55)] Duplicate id found. Reassigning from 6 to 11
[0330/125304.174:ERROR:audio_rtp_receiver.cc(89)] AudioRtpReceiver::OnSetVolume: No audio channel exists.
[0330/125304.174:WARNING:used_ids.h(55)] Duplicate id found. Reassigning from 104 to 127
[0330/125304.174:WARNING:used_ids.h(55)] Duplicate id found. Reassigning from 102 to 125
[0330/125304.174:WARNING:used_ids.h(55)] Duplicate id found. Reassigning from 104 to 124
[0330/125304.174:WARNING:used_ids.h(55)] Duplicate id found. Reassigning from 106 to 123
[0330/125304.174:WARNING:used_ids.h(55)] Duplicate id found. Reassigning from 103 to 122
[0330/125304.174:WARNING:used_ids.h(55)] Duplicate id found. Reassigning from 105 to 121
[0330/125304.174:WARNING:used_ids.h(55)] Duplicate id found. Reassigning from 109 to 120
[0330/125304.175:WARNING:used_ids.h(55)] Duplicate id found. Reassigning from 1 to 14
[0330/125304.175:WARNING:used_ids.h(55)] Duplicate id found. Reassigning from 3 to 13
[0330/125304.175:WARNING:used_ids.h(55)] Duplicate id found. Reassigning from 5 to 12
[0330/125304.175:WARNING:used_ids.h(55)] Duplicate id found. Reassigning from 6 to 11
[0330/125319.920:WARNING:used_ids.h(55)] Duplicate id found. Reassigning from 104 to 127
[0330/125319.920:WARNING:used_ids.h(55)] Duplicate id found. Reassigning from 102 to 125
[0330/125319.920:WARNING:used_ids.h(55)] Duplicate id found. Reassigning from 104 to 124
[0330/125319.920:WARNING:used_ids.h(55)] Duplicate id found. Reassigning from 106 to 123
[0330/125319.920:WARNING:used_ids.h(55)] Duplicate id found. Reassigning from 103 to 122
[0330/125319.921:WARNING:used_ids.h(55)] Duplicate id found. Reassigning from 105 to 121
[0330/125319.921:WARNING:used_ids.h(55)] Duplicate id found. Reassigning from 109 to 120
[0330/125319.921:WARNING:used_ids.h(55)] Duplicate id found. Reassigning from 1 to 14
[0330/125319.921:WARNING:used_ids.h(55)] Duplicate id found. Reassigning from 3 to 13
[0330/125319.921:WARNING:used_ids.h(55)] Duplicate id found. Reassigning from 5 to 12
[0330/125319.921:WARNING:used_ids.h(55)] Duplicate id found. Reassigning from 6 to 11
[0330/125319.921:ERROR:audio_rtp_receiver.cc(89)] AudioRtpReceiver::OnSetVolume: No audio channel exists.
[0330/125330.418:WARNING:used_ids.h(55)] Duplicate id found. Reassigning from 104 to 127
[0330/125330.418:WARNING:used_ids.h(55)] Duplicate id found. Reassigning from 102 to 125
[0330/125330.418:WARNING:used_ids.h(55)] Duplicate id found. Reassigning from 104 to 124
[0330/125330.418:WARNING:used_ids.h(55)] Duplicate id found. Reassigning from 106 to 123
[0330/125330.418:WARNING:used_ids.h(55)] Duplicate id found. Reassigning from 103 to 122
[0330/125330.418:WARNING:used_ids.h(55)] Duplicate id found. Reassigning from 105 to 121
[0330/125330.418:WARNING:used_ids.h(55)] Duplicate id found. Reassigning from 109 to 120
[0330/125330.418:WARNING:used_ids.h(55)] Duplicate id found. Reassigning from 1 to 14
[0330/125330.418:WARNING:used_ids.h(55)] Duplicate id found. Reassigning from 3 to 13
[0330/125330.418:WARNING:used_ids.h(55)] Duplicate id found. Reassigning from 5 to 12
[0330/125330.418:WARNING:used_ids.h(55)] Duplicate id found. Reassigning from 6 to 11
[0330/125330.419:ERROR:audio_rtp_receiver.cc(89)] AudioRtpReceiver::OnSetVolume: No audio channel exists.
[0330/125348.408:WARNING:used_ids.h(55)] Duplicate id found. Reassigning from 104 to 127
[0330/125348.408:WARNING:used_ids.h(55)] Duplicate id found. Reassigning from 102 to 125
[0330/125348.408:WARNING:used_ids.h(55)] Duplicate id found. Reassigning from 104 to 124
[0330/125348.408:WARNING:used_ids.h(55)] Duplicate id found. Reassigning from 106 to 123
[0330/125348.408:WARNING:used_ids.h(55)] Duplicate id found. Reassigning from 103 to 122
[0330/125348.408:WARNING:used_ids.h(55)] Duplicate id found. Reassigning from 105 to 121
[0330/125348.409:WARNING:used_ids.h(55)] Duplicate id found. Reassigning from 109 to 120
[0330/125348.409:WARNING:used_ids.h(55)] Duplicate id found. Reassigning from 1 to 14
[0330/125348.409:WARNING:used_ids.h(55)] Duplicate id found. Reassigning from 3 to 13
[0330/125348.409:WARNING:used_ids.h(55)] Duplicate id found. Reassigning from 5 to 12
[0330/125348.409:WARNING:used_ids.h(55)] Duplicate id found. Reassigning from 6 to 11
[0330/125348.409:ERROR:audio_rtp_receiver.cc(89)] AudioRtpReceiver::OnSetVolume: No audio channel exists.
[0330/125510.044:ERROR:audio_rtp_receiver.cc(89)] AudioRtpReceiver::OnSetVolume: No audio channel exists.
[0330/125510.044:WARNING:used_ids.h(55)] Duplicate id found. Reassigning from 104 to 127
[0330/125510.044:WARNING:used_ids.h(55)] Duplicate id found. Reassigning from 102 to 125
[0330/125510.044:WARNING:used_ids.h(55)] Duplicate id found. Reassigning from 104 to 124
[0330/125510.044:WARNING:used_ids.h(55)] Duplicate id found. Reassigning from 106 to 123
[0330/125510.045:WARNING:used_ids.h(55)] Duplicate id found. Reassigning from 103 to 122
[0330/125510.045:WARNING:used_ids.h(55)] Duplicate id found. Reassigning from 105 to 121
[0330/125510.045:WARNING:used_ids.h(55)] Duplicate id found. Reassigning from 109 to 120
[0330/125510.045:WARNING:used_ids.h(55)] Duplicate id found. Reassigning from 1 to 14
[0330/125510.045:WARNING:used_ids.h(55)] Duplicate id found. Reassigning from 3 to 13
[0330/125510.045:WARNING:used_ids.h(55)] Duplicate id found. Reassigning from 5 to 12
[0330/125510.045:WARNING:used_ids.h(55)] Duplicate id found. Reassigning from 6 to 11
[0330/125515.723:ERROR:ssl_client_socket_impl.cc(959)] handshake failed; returned -1, SSL error code 1, net_error -101
[0330/125515.809:ERROR:ssl_client_socket_impl.cc(959)] handshake failed; returned -1, SSL error code 1, net_error -101
[0330/125520.596:ERROR:batching_media_log.cc(38)] MediaEvent: {"error":"FFmpegDemuxer: no supported streams"}
[0330/125520.596:ERROR:batching_media_log.cc(35)] MediaEvent: {"pipeline_error":14}
[0330/125521.504:ERROR:batching_media_log.cc(38)] MediaEvent: {"error":"FFmpegDemuxer: no supported streams"}
[0330/125521.504:ERROR:batching_media_log.cc(35)] MediaEvent: {"pipeline_error":14}
[0330/125521.543:ERROR:ssl_client_socket_impl.cc(959)] handshake failed; returned -1, SSL error code 1, net_error -101
[0330/125521.559:ERROR:ssl_client_socket_impl.cc(959)] handshake failed; returned -1, SSL error code 1, net_error -101
[0330/125521.880:ERROR:ssl_client_socket_impl.cc(959)] handshake failed; returned -1, SSL error code 1, net_error -101
[0330/125521.898:ERROR:ssl_client_socket_impl.cc(959)] handshake failed; returned -1, SSL error code 1, net_error -101
[0330/125521.900:ERROR:ssl_client_socket_impl.cc(959)] handshake failed; returned -1, SSL error code 1, net_error -101
[0330/125521.905:ERROR:ssl_client_socket_impl.cc(959)] handshake failed; returned -1, SSL error code 1, net_error -101
[0330/125522.048:ERROR:ssl_client_socket_impl.cc(959)] handshake failed; returned -1, SSL error code 1, net_error -101
[0330/125522.068:ERROR:ssl_client_socket_impl.cc(959)] handshake failed; returned -1, SSL error code 1, net_error -101
[0330/125552.046:ERROR:ssl_client_socket_impl.cc(959)] handshake failed; returned -1, SSL error code 1, net_error -101
[0330/125552.152:ERROR:ssl_client_socket_impl.cc(959)] handshake failed; returned -1, SSL error code 1, net_error -101
[0330/125613.026:ERROR:ssl_client_socket_impl.cc(959)] handshake failed; returned -1, SSL error code 1, net_error -101
[0330/125613.108:ERROR:ssl_client_socket_impl.cc(959)] handshake failed; returned -1, SSL error code 1, net_error -101
[0330/125652.386:ERROR:ssl_client_socket_impl.cc(959)] handshake failed; returned -1, SSL error code 1, net_error -101
[0330/125652.496:ERROR:ssl_client_socket_impl.cc(959)] handshake failed; returned -1, SSL error code 1, net_error -101
[0330/125723.051:ERROR:ssl_client_socket_impl.cc(959)] handshake failed; returned -1, SSL error code 1, net_error -101
[0330/125723.130:ERROR:ssl_client_socket_impl.cc(959)] handshake failed; returned -1, SSL error code 1, net_error -101
[0330/125805.038:ERROR:ssl_client_socket_impl.cc(959)] handshake failed; returned -1, SSL error code 1, net_error -101
[0330/125805.127:ERROR:ssl_client_socket_impl.cc(959)] handshake failed; returned -1, SSL error code 1, net_error -101
[0330/125924.026:ERROR:ssl_client_socket_impl.cc(959)] handshake failed; returned -1, SSL error code 1, net_error -101
[0330/125924.125:ERROR:ssl_client_socket_impl.cc(959)] handshake failed; returned -1, SSL error code 1, net_error -101
[0330/130042.049:ERROR:ssl_client_socket_impl.cc(959)] handshake failed; returned -1, SSL error code 1, net_error -101
[0330/130042.148:ERROR:ssl_client_socket_impl.cc(959)] handshake failed; returned -1, SSL error code 1, net_error -101
[0330/130522.040:ERROR:ssl_client_socket_impl.cc(959)] handshake failed; returned -1, SSL error code 1, net_error -101
[0330/130522.137:ERROR:ssl_client_socket_impl.cc(959)] handshake failed; returned -1, SSL error code 1, net_error -101
[0330/142704.670:WARNING:dns_config_service_win.cc(700)] Failed to read DnsConfig.
[0330/142704.723:WARNING:dns_config_service_win.cc(700)] Failed to read DnsConfig.
